<?xml version="1.0" encoding="UTF-8"?>
<testsuite xmlns:xsi="http://www.w3.org/2001/XMLSchema-instance" xsi:noNamespaceSchemaLocation="https://maven.apache.org/surefire/maven-surefire-plugin/xsd/surefire-test-report-3.0.xsd" version="3.0" name="TestSuite" time="99.003" tests="12" errors="0" skipped="0" failures="1">
  <properties>
    <property name="java.specification.version" value="21"/>
    <property name="sun.cpu.isalist" value="amd64"/>
    <property name="sun.jnu.encoding" value="Cp1252"/>
    <property name="sun.awt.enableExtraMouseButtons" value="true"/>
    <property name="java.class.path" value="C:\workspaces\Selenium_Java\DemoWebShop\target\test-classes;C:\workspaces\Selenium_Java\DemoWebShop\target\classes;C:\Users\sobin\.m2\repository\org\seleniumhq\selenium\selenium-java\4.20.0\selenium-java-4.20.0.jar;C:\Users\sobin\.m2\repository\org\seleniumhq\selenium\selenium-api\4.20.0\selenium-api-4.20.0.jar;C:\Users\sobin\.m2\repository\org\seleniumhq\selenium\selenium-chrome-driver\4.20.0\selenium-chrome-driver-4.20.0.jar;C:\Users\sobin\.m2\repository\com\google\auto\service\auto-service-annotations\1.1.1\auto-service-annotations-1.1.1.jar;C:\Users\sobin\.m2\repository\org\seleniumhq\selenium\selenium-chromium-driver\4.20.0\selenium-chromium-driver-4.20.0.jar;C:\Users\sobin\.m2\repository\org\seleniumhq\selenium\selenium-json\4.20.0\selenium-json-4.20.0.jar;C:\Users\sobin\.m2\repository\org\seleniumhq\selenium\selenium-manager\4.20.0\selenium-manager-4.20.0.jar;C:\Users\sobin\.m2\repository\org\seleniumhq\selenium\selenium-devtools-v122\4.20.0\selenium-devtools-v122-4.20.0.jar;C:\Users\sobin\.m2\repository\org\seleniumhq\selenium\selenium-devtools-v123\4.20.0\selenium-devtools-v123-4.20.0.jar;C:\Users\sobin\.m2\repository\org\seleniumhq\selenium\selenium-devtools-v124\4.20.0\selenium-devtools-v124-4.20.0.jar;C:\Users\sobin\.m2\repository\org\seleniumhq\selenium\selenium-devtools-v85\4.20.0\selenium-devtools-v85-4.20.0.jar;C:\Users\sobin\.m2\repository\org\seleniumhq\selenium\selenium-edge-driver\4.20.0\selenium-edge-driver-4.20.0.jar;C:\Users\sobin\.m2\repository\org\seleniumhq\selenium\selenium-firefox-driver\4.20.0\selenium-firefox-driver-4.20.0.jar;C:\Users\sobin\.m2\repository\org\seleniumhq\selenium\selenium-http\4.20.0\selenium-http-4.20.0.jar;C:\Users\sobin\.m2\repository\dev\failsafe\failsafe\3.3.2\failsafe-3.3.2.jar;C:\Users\sobin\.m2\repository\org\seleniumhq\selenium\selenium-ie-driver\4.20.0\selenium-ie-driver-4.20.0.jar;C:\Users\sobin\.m2\repository\org\seleniumhq\selenium\selenium-remote-driver\4.20.0\selenium-remote-driver-4.20.0.jar;C:\Users\sobin\.m2\repository\com\google\guava\guava\33.1.0-jre\guava-33.1.0-jre.jar;C:\Users\sobin\.m2\repository\com\google\guava\failureaccess\1.0.2\failureaccess-1.0.2.jar;C:\Users\sobin\.m2\repository\com\google\guava\listenablefuture\9999.0-empty-to-avoid-conflict-with-guava\listenablefuture-9999.0-empty-to-avoid-conflict-with-guava.jar;C:\Users\sobin\.m2\repository\com\google\code\findbugs\jsr305\3.0.2\jsr305-3.0.2.jar;C:\Users\sobin\.m2\repository\org\checkerframework\checker-qual\3.42.0\checker-qual-3.42.0.jar;C:\Users\sobin\.m2\repository\com\google\errorprone\error_prone_annotations\2.26.1\error_prone_annotations-2.26.1.jar;C:\Users\sobin\.m2\repository\com\google\j2objc\j2objc-annotations\3.0.0\j2objc-annotations-3.0.0.jar;C:\Users\sobin\.m2\repository\io\opentelemetry\semconv\opentelemetry-semconv\1.25.0-alpha\opentelemetry-semconv-1.25.0-alpha.jar;C:\Users\sobin\.m2\repository\io\opentelemetry\opentelemetry-api\1.37.0\opentelemetry-api-1.37.0.jar;C:\Users\sobin\.m2\repository\io\opentelemetry\opentelemetry-context\1.37.0\opentelemetry-context-1.37.0.jar;C:\Users\sobin\.m2\repository\io\opentelemetry\opentelemetry-exporter-logging\1.37.0\opentelemetry-exporter-logging-1.37.0.jar;C:\Users\sobin\.m2\repository\io\opentelemetry\opentelemetry-sdk-common\1.37.0\opentelemetry-sdk-common-1.37.0.jar;C:\Users\sobin\.m2\repository\io\opentelemetry\opentelemetry-sdk-extension-autoconfigure-spi\1.37.0\opentelemetry-sdk-extension-autoconfigure-spi-1.37.0.jar;C:\Users\sobin\.m2\repository\io\opentelemetry\opentelemetry-sdk-extension-autoconfigure\1.37.0\opentelemetry-sdk-extension-autoconfigure-1.37.0.jar;C:\Users\sobin\.m2\repository\io\opentelemetry\opentelemetry-api-incubator\1.37.0-alpha\opentelemetry-api-incubator-1.37.0-alpha.jar;C:\Users\sobin\.m2\repository\io\opentelemetry\opentelemetry-sdk-trace\1.37.0\opentelemetry-sdk-trace-1.37.0.jar;C:\Users\sobin\.m2\repository\io\opentelemetry\opentelemetry-sdk\1.37.0\opentelemetry-sdk-1.37.0.jar;C:\Users\sobin\.m2\repository\io\opentelemetry\opentelemetry-sdk-metrics\1.37.0\opentelemetry-sdk-metrics-1.37.0.jar;C:\Users\sobin\.m2\repository\io\opentelemetry\opentelemetry-sdk-logs\1.37.0\opentelemetry-sdk-logs-1.37.0.jar;C:\Users\sobin\.m2\repository\net\bytebuddy\byte-buddy\1.14.14\byte-buddy-1.14.14.jar;C:\Users\sobin\.m2\repository\org\seleniumhq\selenium\selenium-os\4.20.0\selenium-os-4.20.0.jar;C:\Users\sobin\.m2\repository\org\apache\commons\commons-exec\1.4.0\commons-exec-1.4.0.jar;C:\Users\sobin\.m2\repository\org\seleniumhq\selenium\selenium-safari-driver\4.20.0\selenium-safari-driver-4.20.0.jar;C:\Users\sobin\.m2\repository\org\seleniumhq\selenium\selenium-support\4.20.0\selenium-support-4.20.0.jar;C:\Users\sobin\.m2\repository\commons-io\commons-io\2.16.1\commons-io-2.16.1.jar;C:\Users\sobin\.m2\repository\org\apache\commons\commons-lang3\3.14.0\commons-lang3-3.14.0.jar;C:\Users\sobin\.m2\repository\org\apache\poi\poi\5.2.5\poi-5.2.5.jar;C:\Users\sobin\.m2\repository\commons-codec\commons-codec\1.16.0\commons-codec-1.16.0.jar;C:\Users\sobin\.m2\repository\org\apache\commons\commons-collections4\4.4\commons-collections4-4.4.jar;C:\Users\sobin\.m2\repository\org\apache\commons\commons-math3\3.6.1\commons-math3-3.6.1.jar;C:\Users\sobin\.m2\repository\com\zaxxer\SparseBitSet\1.3\SparseBitSet-1.3.jar;C:\Users\sobin\.m2\repository\org\apache\poi\poi-ooxml\5.2.5\poi-ooxml-5.2.5.jar;C:\Users\sobin\.m2\repository\org\apache\poi\poi-ooxml-lite\5.2.5\poi-ooxml-lite-5.2.5.jar;C:\Users\sobin\.m2\repository\org\apache\xmlbeans\xmlbeans\5.2.0\xmlbeans-5.2.0.jar;C:\Users\sobin\.m2\repository\org\apache\commons\commons-compress\1.25.0\commons-compress-1.25.0.jar;C:\Users\sobin\.m2\repository\com\github\virtuald\curvesapi\1.08\curvesapi-1.08.jar;C:\Users\sobin\.m2\repository\org\apache\logging\log4j\log4j-core\2.23.1\log4j-core-2.23.1.jar;C:\Users\sobin\.m2\repository\org\apache\logging\log4j\log4j-api\2.23.1\log4j-api-2.23.1.jar;C:\Users\sobin\.m2\repository\com\aventstack\extentreports\5.1.1\extentreports-5.1.1.jar;C:\Users\sobin\.m2\repository\io\reactivex\rxjava3\rxjava\3.1.6\rxjava-3.1.6.jar;C:\Users\sobin\.m2\repository\org\reactivestreams\reactive-streams\1.0.4\reactive-streams-1.0.4.jar;C:\Users\sobin\.m2\repository\org\freemarker\freemarker\2.3.32\freemarker-2.3.32.jar;C:\Users\sobin\.m2\repository\org\projectlombok\lombok\1.18.26\lombok-1.18.26.jar;C:\Users\sobin\.m2\repository\com\google\code\gson\gson\2.10.1\gson-2.10.1.jar;C:\Users\sobin\.m2\repository\org\testng\testng\7.9.0\testng-7.9.0.jar;C:\Users\sobin\.m2\repository\org\slf4j\slf4j-api\1.7.36\slf4j-api-1.7.36.jar;C:\Users\sobin\.m2\repository\com\beust\jcommander\1.82\jcommander-1.82.jar;C:\Users\sobin\.m2\repository\org\webjars\jquery\3.7.1\jquery-3.7.1.jar;"/>
    <property name="java.vm.vendor" value="Oracle Corporation"/>
    <property name="sun.arch.data.model" value="64"/>
    <property name="user.variant" value=""/>
    <property name="java.vendor.url" value="https://java.oracle.com/"/>
    <property name="user.timezone" value="America/Toronto"/>
    <property name="os.name" value="Windows 11"/>
    <property name="java.vm.specification.version" value="21"/>
    <property name="sun.java.launcher" value="SUN_STANDARD"/>
    <property name="user.country" value="CA"/>
    <property name="sun.boot.library.path" value="C:\Program Files\Java\jdk-21\bin"/>
    <property name="sun.java.command" value="C:\Users\sobin\AppData\Local\Temp\surefire18445813300698304160\surefirebooter-20240503105556039_3.jar C:\Users\sobin\AppData\Local\Temp\surefire18445813300698304160 2024-05-03T10-55-55_939-jvmRun1 surefire-20240503105556039_1tmp surefire_0-20240503105556039_2tmp"/>
    <property name="jdk.debug" value="release"/>
    <property name="surefire.test.class.path" value="C:\workspaces\Selenium_Java\DemoWebShop\target\test-classes;C:\workspaces\Selenium_Java\DemoWebShop\target\classes;C:\Users\sobin\.m2\repository\org\seleniumhq\selenium\selenium-java\4.20.0\selenium-java-4.20.0.jar;C:\Users\sobin\.m2\repository\org\seleniumhq\selenium\selenium-api\4.20.0\selenium-api-4.20.0.jar;C:\Users\sobin\.m2\repository\org\seleniumhq\selenium\selenium-chrome-driver\4.20.0\selenium-chrome-driver-4.20.0.jar;C:\Users\sobin\.m2\repository\com\google\auto\service\auto-service-annotations\1.1.1\auto-service-annotations-1.1.1.jar;C:\Users\sobin\.m2\repository\org\seleniumhq\selenium\selenium-chromium-driver\4.20.0\selenium-chromium-driver-4.20.0.jar;C:\Users\sobin\.m2\repository\org\seleniumhq\selenium\selenium-json\4.20.0\selenium-json-4.20.0.jar;C:\Users\sobin\.m2\repository\org\seleniumhq\selenium\selenium-manager\4.20.0\selenium-manager-4.20.0.jar;C:\Users\sobin\.m2\repository\org\seleniumhq\selenium\selenium-devtools-v122\4.20.0\selenium-devtools-v122-4.20.0.jar;C:\Users\sobin\.m2\repository\org\seleniumhq\selenium\selenium-devtools-v123\4.20.0\selenium-devtools-v123-4.20.0.jar;C:\Users\sobin\.m2\repository\org\seleniumhq\selenium\selenium-devtools-v124\4.20.0\selenium-devtools-v124-4.20.0.jar;C:\Users\sobin\.m2\repository\org\seleniumhq\selenium\selenium-devtools-v85\4.20.0\selenium-devtools-v85-4.20.0.jar;C:\Users\sobin\.m2\repository\org\seleniumhq\selenium\selenium-edge-driver\4.20.0\selenium-edge-driver-4.20.0.jar;C:\Users\sobin\.m2\repository\org\seleniumhq\selenium\selenium-firefox-driver\4.20.0\selenium-firefox-driver-4.20.0.jar;C:\Users\sobin\.m2\repository\org\seleniumhq\selenium\selenium-http\4.20.0\selenium-http-4.20.0.jar;C:\Users\sobin\.m2\repository\dev\failsafe\failsafe\3.3.2\failsafe-3.3.2.jar;C:\Users\sobin\.m2\repository\org\seleniumhq\selenium\selenium-ie-driver\4.20.0\selenium-ie-driver-4.20.0.jar;C:\Users\sobin\.m2\repository\org\seleniumhq\selenium\selenium-remote-driver\4.20.0\selenium-remote-driver-4.20.0.jar;C:\Users\sobin\.m2\repository\com\google\guava\guava\33.1.0-jre\guava-33.1.0-jre.jar;C:\Users\sobin\.m2\repository\com\google\guava\failureaccess\1.0.2\failureaccess-1.0.2.jar;C:\Users\sobin\.m2\repository\com\google\guava\listenablefuture\9999.0-empty-to-avoid-conflict-with-guava\listenablefuture-9999.0-empty-to-avoid-conflict-with-guava.jar;C:\Users\sobin\.m2\repository\com\google\code\findbugs\jsr305\3.0.2\jsr305-3.0.2.jar;C:\Users\sobin\.m2\repository\org\checkerframework\checker-qual\3.42.0\checker-qual-3.42.0.jar;C:\Users\sobin\.m2\repository\com\google\errorprone\error_prone_annotations\2.26.1\error_prone_annotations-2.26.1.jar;C:\Users\sobin\.m2\repository\com\google\j2objc\j2objc-annotations\3.0.0\j2objc-annotations-3.0.0.jar;C:\Users\sobin\.m2\repository\io\opentelemetry\semconv\opentelemetry-semconv\1.25.0-alpha\opentelemetry-semconv-1.25.0-alpha.jar;C:\Users\sobin\.m2\repository\io\opentelemetry\opentelemetry-api\1.37.0\opentelemetry-api-1.37.0.jar;C:\Users\sobin\.m2\repository\io\opentelemetry\opentelemetry-context\1.37.0\opentelemetry-context-1.37.0.jar;C:\Users\sobin\.m2\repository\io\opentelemetry\opentelemetry-exporter-logging\1.37.0\opentelemetry-exporter-logging-1.37.0.jar;C:\Users\sobin\.m2\repository\io\opentelemetry\opentelemetry-sdk-common\1.37.0\opentelemetry-sdk-common-1.37.0.jar;C:\Users\sobin\.m2\repository\io\opentelemetry\opentelemetry-sdk-extension-autoconfigure-spi\1.37.0\opentelemetry-sdk-extension-autoconfigure-spi-1.37.0.jar;C:\Users\sobin\.m2\repository\io\opentelemetry\opentelemetry-sdk-extension-autoconfigure\1.37.0\opentelemetry-sdk-extension-autoconfigure-1.37.0.jar;C:\Users\sobin\.m2\repository\io\opentelemetry\opentelemetry-api-incubator\1.37.0-alpha\opentelemetry-api-incubator-1.37.0-alpha.jar;C:\Users\sobin\.m2\repository\io\opentelemetry\opentelemetry-sdk-trace\1.37.0\opentelemetry-sdk-trace-1.37.0.jar;C:\Users\sobin\.m2\repository\io\opentelemetry\opentelemetry-sdk\1.37.0\opentelemetry-sdk-1.37.0.jar;C:\Users\sobin\.m2\repository\io\opentelemetry\opentelemetry-sdk-metrics\1.37.0\opentelemetry-sdk-metrics-1.37.0.jar;C:\Users\sobin\.m2\repository\io\opentelemetry\opentelemetry-sdk-logs\1.37.0\opentelemetry-sdk-logs-1.37.0.jar;C:\Users\sobin\.m2\repository\net\bytebuddy\byte-buddy\1.14.14\byte-buddy-1.14.14.jar;C:\Users\sobin\.m2\repository\org\seleniumhq\selenium\selenium-os\4.20.0\selenium-os-4.20.0.jar;C:\Users\sobin\.m2\repository\org\apache\commons\commons-exec\1.4.0\commons-exec-1.4.0.jar;C:\Users\sobin\.m2\repository\org\seleniumhq\selenium\selenium-safari-driver\4.20.0\selenium-safari-driver-4.20.0.jar;C:\Users\sobin\.m2\repository\org\seleniumhq\selenium\selenium-support\4.20.0\selenium-support-4.20.0.jar;C:\Users\sobin\.m2\repository\commons-io\commons-io\2.16.1\commons-io-2.16.1.jar;C:\Users\sobin\.m2\repository\org\apache\commons\commons-lang3\3.14.0\commons-lang3-3.14.0.jar;C:\Users\sobin\.m2\repository\org\apache\poi\poi\5.2.5\poi-5.2.5.jar;C:\Users\sobin\.m2\repository\commons-codec\commons-codec\1.16.0\commons-codec-1.16.0.jar;C:\Users\sobin\.m2\repository\org\apache\commons\commons-collections4\4.4\commons-collections4-4.4.jar;C:\Users\sobin\.m2\repository\org\apache\commons\commons-math3\3.6.1\commons-math3-3.6.1.jar;C:\Users\sobin\.m2\repository\com\zaxxer\SparseBitSet\1.3\SparseBitSet-1.3.jar;C:\Users\sobin\.m2\repository\org\apache\poi\poi-ooxml\5.2.5\poi-ooxml-5.2.5.jar;C:\Users\sobin\.m2\repository\org\apache\poi\poi-ooxml-lite\5.2.5\poi-ooxml-lite-5.2.5.jar;C:\Users\sobin\.m2\repository\org\apache\xmlbeans\xmlbeans\5.2.0\xmlbeans-5.2.0.jar;C:\Users\sobin\.m2\repository\org\apache\commons\commons-compress\1.25.0\commons-compress-1.25.0.jar;C:\Users\sobin\.m2\repository\com\github\virtuald\curvesapi\1.08\curvesapi-1.08.jar;C:\Users\sobin\.m2\repository\org\apache\logging\log4j\log4j-core\2.23.1\log4j-core-2.23.1.jar;C:\Users\sobin\.m2\repository\org\apache\logging\log4j\log4j-api\2.23.1\log4j-api-2.23.1.jar;C:\Users\sobin\.m2\repository\com\aventstack\extentreports\5.1.1\extentreports-5.1.1.jar;C:\Users\sobin\.m2\repository\io\reactivex\rxjava3\rxjava\3.1.6\rxjava-3.1.6.jar;C:\Users\sobin\.m2\repository\org\reactivestreams\reactive-streams\1.0.4\reactive-streams-1.0.4.jar;C:\Users\sobin\.m2\repository\org\freemarker\freemarker\2.3.32\freemarker-2.3.32.jar;C:\Users\sobin\.m2\repository\org\projectlombok\lombok\1.18.26\lombok-1.18.26.jar;C:\Users\sobin\.m2\repository\com\google\code\gson\gson\2.10.1\gson-2.10.1.jar;C:\Users\sobin\.m2\repository\org\testng\testng\7.9.0\testng-7.9.0.jar;C:\Users\sobin\.m2\repository\org\slf4j\slf4j-api\1.7.36\slf4j-api-1.7.36.jar;C:\Users\sobin\.m2\repository\com\beust\jcommander\1.82\jcommander-1.82.jar;C:\Users\sobin\.m2\repository\org\webjars\jquery\3.7.1\jquery-3.7.1.jar;"/>
    <property name="sun.cpu.endian" value="little"/>
    <property name="user.home" value="C:\Users\sobin"/>
    <property name="user.language" value="en"/>
    <property name="java.specification.vendor" value="Oracle Corporation"/>
    <property name="java.version.date" value="2024-01-16"/>
    <property name="java.home" value="C:\Program Files\Java\jdk-21"/>
    <property name="file.separator" value="\"/>
    <property name="basedir" value="C:\workspaces\Selenium_Java\DemoWebShop"/>
    <property name="java.vm.compressedOopsMode" value="Zero based"/>
    <property name="line.separator" value="&#10;"/>
    <property name="java.vm.specification.vendor" value="Oracle Corporation"/>
    <property name="java.specification.name" value="Java Platform API Specification"/>
    <property name="surefire.real.class.path" value="C:\Users\sobin\AppData\Local\Temp\surefire18445813300698304160\surefirebooter-20240503105556039_3.jar"/>
    <property name="user.script" value=""/>
    <property name="sun.management.compiler" value="HotSpot 64-Bit Tiered Compilers"/>
    <property name="java.runtime.version" value="21.0.2+13-LTS-58"/>
    <property name="user.name" value="sobin"/>
    <property name="stdout.encoding" value="Cp1252"/>
    <property name="path.separator" value=";"/>
    <property name="os.version" value="10.0"/>
    <property name="java.runtime.name" value="Java(TM) SE Runtime Environment"/>
    <property name="file.encoding" value="UTF-8"/>
    <property name="java.vm.name" value="Java HotSpot(TM) 64-Bit Server VM"/>
    <property name="localRepository" value="C:\Users\sobin\.m2\repository"/>
    <property name="java.vendor.url.bug" value="https://bugreport.java.com/bugreport/"/>
    <property name="java.io.tmpdir" value="C:\Users\sobin\AppData\Local\Temp\"/>
    <property name="java.version" value="21.0.2"/>
    <property name="user.dir" value="C:\workspaces\Selenium_Java\DemoWebShop"/>
    <property name="os.arch" value="amd64"/>
    <property name="java.vm.specification.name" value="Java Virtual Machine Specification"/>
    <property name="sun.os.patch.level" value=""/>
    <property name="native.encoding" value="Cp1252"/>
    <property name="java.library.path" value="C:\Program Files\Java\jdk-21\bin;C:\windows\Sun\Java\bin;C:\windows\system32;C:\windows;C:\Program Files (x86)\TRICENTIS\Tosca Testsuite\ToscaCommander;;C:\Program Files (x86)\TRICENTIS\Tosca Testsuite\Classic;C:\Program Files (x86)\TRICENTIS\Tosca Testsuite\Classic\dll;C:\Program Files (x86)\TRICENTIS\Tosca Testsuite\Classic\dll\GuptaEngine;C:\Program Files (x86)\TRICENTIS\Tosca Testsuite\ToscaCommander;C:\Program Files (x86)\TRICENTIS\Tosca Testsuite\Classic\dll\DelphiEngine;C:\Program Files (x86)\TRICENTIS\Tosca Testsuite\Classic\dll\PBEngine;C:\Program Files (x86)\TRICENTIS\Tosca Testsuite\Classic\dll\VBEngine;C:\Program Files (x86)\TRICENTIS\Tosca Testsuite\Classic\dll\DotNetHooking;;C:\Program Files\Common Files\Oracle\Java\javapath;C:\windows\system32;C:\windows;C:\windows\System32\Wbem;C:\windows\System32\WindowsPowerShell\v1.0\;C:\windows\System32\OpenSSH\;C:\Program Files (x86)\NVIDIA Corporation\PhysX\Common;C:\Program Files\NVIDIA Corporation\NVIDIA NvDLISR;C:\Users\Administrator\AppData\Local\Microsoft\WindowsApps;C:\Program Files\HP\OMEN-Broadcast\Common;C:\Program Files\Java\jdk-21\bin;C:\Program Files\Java\jdk-21\bin;C:\Program Files (x86)\Microsoft SQL Server\160\Tools\Binn\;C:\Program Files\Microsoft SQL Server\160\Tools\Binn\;C:\Program Files\Microsoft SQL Server\Client SDK\ODBC\170\Tools\Binn\;C:\Program Files\Microsoft SQL Server\160\DTS\Binn\;C:\Program Files (x86)\Microsoft SQL Server\160\DTS\Binn\;C:\apache-maven-3.9.6\bin;C:\Program Files\dotnet\;C:\Program Files (x86)\dotnet\;C:\Program Files\HP\HP One Agent;C:\Program Files\Microsoft VS Code\bin;C:\Python312\Scripts\;C:\Python312\;C:\Users\sobin\AppData\Local\Microsoft\WindowsApps;C:\Program Files\JetBrains\PyCharm Community Edition 2023.3.3\bin;."/>
    <property name="java.vm.info" value="mixed mode, sharing"/>
    <property name="stderr.encoding" value="Cp1252"/>
    <property name="java.vendor" value="Oracle Corporation"/>
    <property name="java.vm.version" value="21.0.2+13-LTS-58"/>
    <property name="sun.io.unicode.encoding" value="UnicodeLittle"/>
    <property name="java.class.version" value="65.0"/>
  </properties>
  <testcase name="verify_account_registration" classname="testCases.TC_RF_001_AccountRegistration" time="1.778">
    <system-out><![CDATA[Page Mazimized
10:56:00.544 [main] INFO  testCases.TC_RF_001_AccountRegistration - ******Starting TC_RF_001_AccountRegistrationTest******
10:56:01.033 [main] INFO  testCases.TC_RF_001_AccountRegistration - Clicked on registration link
10:56:01.033 [main] INFO  testCases.TC_RF_001_AccountRegistration - Entering customer info
10:56:02.275 [main] INFO  testCases.TC_RF_001_AccountRegistration - clicked on Register button..
10:56:02.308 [main] INFO  testCases.TC_RF_001_AccountRegistration - Validating expected message..
10:56:02.308 [main] INFO  testCases.TC_RF_001_AccountRegistration - Test Passed..
10:56:02.310 [main] INFO  testCases.TC_RF_001_AccountRegistration - ******Finished TC_RF_001_AccountRegistrationTest******
]]></system-out>
    <system-err><![CDATA[SLF4J: Failed to load class "org.slf4j.impl.StaticLoggerBinder".
SLF4J: Defaulting to no-operation (NOP) logger implementation
SLF4J: See http://www.slf4j.org/codes.html#StaticLoggerBinder for further details.
]]></system-err>
  </testcase>
  <testcase name="verify_login" classname="testCases.TC_LF_001_LoginUsingValidCredentials" time="1.206">
    <system-out><![CDATA[Page Mazimized
10:56:05.389 [main] INFO  testCases.TC_LF_001_LoginUsingValidCredentials - ******Starting TC_LF_001_LoginUsingValidCredentials******
10:56:05.811 [main] INFO  testCases.TC_LF_001_LoginUsingValidCredentials - Clicked on Login link
10:56:05.812 [main] INFO  testCases.TC_LF_001_LoginUsingValidCredentials - Entering valid email and password
10:56:06.498 [main] INFO  testCases.TC_LF_001_LoginUsingValidCredentials - Clicked on Login button
10:56:06.594 [main] INFO  testCases.TC_LF_001_LoginUsingValidCredentials - ******Finished TC_LF_001_LoginUsingValidCredentials******
]]></system-out>
  </testcase>
  <testcase name="verify_login" classname="testCases.TC_LG_001_Logout_Functionality" time="1.859">
    <system-out><![CDATA[Page Mazimized
10:56:09.699 [main] INFO  testCases.TC_LG_001_Logout_Functionality - ******Starting TC_LG_001_Logout_Functionality ******
10:56:10.084 [main] INFO  testCases.TC_LG_001_Logout_Functionality - Clicked on Login link
10:56:10.084 [main] INFO  testCases.TC_LG_001_Logout_Functionality - Entering valid email and password
10:56:10.748 [main] INFO  testCases.TC_LG_001_Logout_Functionality - Clicked on Login button
10:56:11.559 [main] INFO  testCases.TC_LG_001_Logout_Functionality - ******Finished TC_LG_001_Logout_Functionality ******
]]></system-out>
  </testcase>
  <testcase name="verify_login" classname="testCases.TC_ATC_001_Adding_product_to_Cart" time="5.375">
    <system-out><![CDATA[Page Mazimized
10:56:14.650 [main] INFO  testCases.TC_ATC_001_Adding_product_to_Cart - ******Starting TC_ATC_001_Adding_the_product_to_Cart******
10:56:15.063 [main] INFO  testCases.TC_ATC_001_Adding_product_to_Cart - Clicked on Login link
10:56:15.063 [main] INFO  testCases.TC_ATC_001_Adding_product_to_Cart - Entering valid email and password
10:56:15.751 [main] INFO  testCases.TC_ATC_001_Adding_product_to_Cart - Clicked on Login button
10:56:15.871 [main] INFO  testCases.TC_ATC_001_Adding_product_to_Cart - Click on Computer Menu
10:56:16.952 [main] INFO  testCases.TC_ATC_001_Adding_product_to_Cart - Click on Notebooks link
10:56:20.001 [main] INFO  testCases.TC_ATC_001_Adding_product_to_Cart - NoteBook added to the cart
The product has been added to your shopping cart
10:56:20.020 [main] INFO  testCases.TC_ATC_001_Adding_product_to_Cart - Validating expected message the product is added to shopping cart
10:56:20.020 [main] INFO  testCases.TC_ATC_001_Adding_product_to_Cart - Test Passed..
10:56:20.020 [main] INFO  testCases.TC_ATC_001_Adding_product_to_Cart - ******Finished TC_ATC_001_Adding_the_product_to_Cart******
]]></system-out>
  </testcase>
  <testcase name="verify_login" classname="testCases.TC_ATC_002_Remove_Product_from_Cart" time="9.544">
    <system-out><![CDATA[Page Mazimized
10:56:22.932 [main] INFO  testCases.TC_ATC_002_Remove_Product_from_Cart - ******Starting TC_ATC_002_Remove_Product_from_Cart******
10:56:23.330 [main] INFO  testCases.TC_ATC_002_Remove_Product_from_Cart - Clicked on Login link
10:56:23.330 [main] INFO  testCases.TC_ATC_002_Remove_Product_from_Cart - Entering valid email and password
10:56:24.002 [main] INFO  testCases.TC_ATC_002_Remove_Product_from_Cart - Clicked on Login button
10:56:24.159 [main] INFO  testCases.TC_ATC_002_Remove_Product_from_Cart - Click on Computer Menu
10:56:25.255 [main] INFO  testCases.TC_ATC_002_Remove_Product_from_Cart - Click on Notebooks link
10:56:28.311 [main] INFO  testCases.TC_ATC_002_Remove_Product_from_Cart - NoteBook added to the cart
The product has been added to your shopping cart
10:56:28.331 [main] INFO  testCases.TC_ATC_002_Remove_Product_from_Cart - Validating expected message the product is added to shopping cart
10:56:28.331 [main] INFO  testCases.TC_ATC_002_Remove_Product_from_Cart - Test Passed..
10:56:32.476 [main] INFO  testCases.TC_ATC_002_Remove_Product_from_Cart - Validating expected message after removing the  product from shopping cart
10:56:32.476 [main] INFO  testCases.TC_ATC_002_Remove_Product_from_Cart - Test Passed..
10:56:32.476 [main] INFO  testCases.TC_ATC_002_Remove_Product_from_Cart - ******Finished TC_ATC_002_Remove_Product_from_Cart******
]]></system-out>
  </testcase>
  <testcase name="verify_account_registration" classname="testCases.TC_RF_003_AccountRegistrationwithIncorrectSucessMsg" time="2.46">
    <failure message="null" type="java.lang.AssertionError"><![CDATA[java.lang.AssertionError: null
	at org.testng.Assert.fail(Assert.java:111)
	at org.testng.Assert.fail(Assert.java:116)
	at testCases.TC_RF_003_AccountRegistrationwithIncorrectSucessMsg.verify_account_registration(TC_RF_003_AccountRegistrationwithIncorrectSucessMsg.java:53)
	at java.base/jdk.internal.reflect.DirectMethodHandleAccessor.invoke(DirectMethodHandleAccessor.java:103)
	at java.base/java.lang.reflect.Method.invoke(Method.java:580)
	at org.testng.internal.invokers.MethodInvocationHelper.invokeMethod(MethodInvocationHelper.java:139)
	at org.testng.internal.invokers.TestInvoker.invokeMethod(TestInvoker.java:664)
	at org.testng.internal.invokers.TestInvoker.invokeTestMethod(TestInvoker.java:228)
	at org.testng.internal.invokers.MethodRunner.runInSequence(MethodRunner.java:63)
	at org.testng.internal.invokers.TestInvoker$MethodInvocationAgent.invoke(TestInvoker.java:961)
	at org.testng.internal.invokers.TestInvoker.invokeTestMethods(TestInvoker.java:201)
	at org.testng.internal.invokers.TestMethodWorker.invokeTestMethods(TestMethodWorker.java:148)
	at org.testng.internal.invokers.TestMethodWorker.run(TestMethodWorker.java:128)
	at java.base/java.util.ArrayList.forEach(ArrayList.java:1596)
	at org.testng.TestRunner.privateRun(TestRunner.java:819)
	at org.testng.TestRunner.run(TestRunner.java:619)
	at org.testng.SuiteRunner.runTest(SuiteRunner.java:443)
	at org.testng.SuiteRunner.runSequentially(SuiteRunner.java:437)
	at org.testng.SuiteRunner.privateRun(SuiteRunner.java:397)
	at org.testng.SuiteRunner.run(SuiteRunner.java:336)
	at org.testng.SuiteRunnerWorker.runSuite(SuiteRunnerWorker.java:52)
	at org.testng.SuiteRunnerWorker.run(SuiteRunnerWorker.java:95)
	at org.testng.TestNG.runSuitesSequentially(TestNG.java:1301)
	at org.testng.TestNG.runSuitesLocally(TestNG.java:1228)
	at org.testng.TestNG.runSuites(TestNG.java:1134)
	at org.testng.TestNG.run(TestNG.java:1101)
	at org.apache.maven.surefire.testng.TestNGExecutor.run(TestNGExecutor.java:308)
	at org.apache.maven.surefire.testng.TestNGXmlTestSuite.execute(TestNGXmlTestSuite.java:71)
	at org.apache.maven.surefire.testng.TestNGProvider.invoke(TestNGProvider.java:113)
	at org.apache.maven.surefire.booter.ForkedBooter.runSuitesInProcess(ForkedBooter.java:385)
	at org.apache.maven.surefire.booter.ForkedBooter.execute(ForkedBooter.java:162)
	at org.apache.maven.surefire.booter.ForkedBooter.run(ForkedBooter.java:507)
	at org.apache.maven.surefire.booter.ForkedBooter.main(ForkedBooter.java:495)
]]></failure>
    <system-out><![CDATA[Page Mazimized
10:56:35.630 [main] INFO  testCases.TC_RF_003_AccountRegistrationwithIncorrectSucessMsg - ******Starting TC_RF_003_AccountRegistrationwithIncorrectSucessMsg******
10:56:36.058 [main] INFO  testCases.TC_RF_003_AccountRegistrationwithIncorrectSucessMsg - Clicked on registration link
10:56:36.059 [main] INFO  testCases.TC_RF_003_AccountRegistrationwithIncorrectSucessMsg - Entering customer info
10:56:37.940 [main] INFO  testCases.TC_RF_003_AccountRegistrationwithIncorrectSucessMsg - clicked on Register button..
10:56:37.971 [main] INFO  testCases.TC_RF_003_AccountRegistrationwithIncorrectSucessMsg - Validating expected message..
10:56:37.972 [main] ERROR testCases.TC_RF_003_AccountRegistrationwithIncorrectSucessMsg - Test Failed..
]]></system-out>
  </testcase>
  <testcase name="verify_loginDDT[TESTBB@TEST.com, test1234!, Valid](1)" classname="testCases.TC_LF_002_003_004_LoginDDT" time="2.251">
    <system-out><![CDATA[Page Mazimized
10:56:42.130 [main] INFO  testCases.TC_LF_002_003_004_LoginDDT - ******Starting TC_LF_002_003_004_LoginDDT******
10:56:42.508 [main] INFO  testCases.TC_LF_002_003_004_LoginDDT - Clicked on Login link
10:56:42.509 [main] INFO  testCases.TC_LF_002_003_004_LoginDDT - Entering valid email id..
10:56:42.587 [main] INFO  testCases.TC_LF_002_003_004_LoginDDT - Entering valid password..
10:56:42.647 [main] INFO  testCases.TC_LF_002_003_004_LoginDDT - Clicked on Login button..
10:56:44.379 [main] INFO  testCases.TC_LF_002_003_004_LoginDDT - Test Passed..
10:56:44.379 [main] INFO  testCases.TC_LF_002_003_004_LoginDDT - ******Finished TC_LF_002_003_004_LoginDDT******
]]></system-out>
  </testcase>
  <testcase name="verify_loginDDT[Jack@yahoo.com, Jacky@, Invalid](2)" classname="testCases.TC_LF_002_003_004_LoginDDT" time="10.898">
    <system-out><![CDATA[10:56:44.380 [main] INFO  testCases.TC_LF_002_003_004_LoginDDT - ******Starting TC_LF_002_003_004_LoginDDT******
10:56:44.761 [main] INFO  testCases.TC_LF_002_003_004_LoginDDT - Clicked on Login link
10:56:44.761 [main] INFO  testCases.TC_LF_002_003_004_LoginDDT - Entering valid email id..
10:56:44.833 [main] INFO  testCases.TC_LF_002_003_004_LoginDDT - Entering valid password..
10:56:44.889 [main] INFO  testCases.TC_LF_002_003_004_LoginDDT - Clicked on Login button..
10:56:55.278 [main] INFO  testCases.TC_LF_002_003_004_LoginDDT - Test Passed..
10:56:55.278 [main] INFO  testCases.TC_LF_002_003_004_LoginDDT - ******Finished TC_LF_002_003_004_LoginDDT******
]]></system-out>
  </testcase>
  <testcase name="verify_loginDDT[Jacki@yahoo.com, Jacki, Invalid](3)" classname="testCases.TC_LF_002_003_004_LoginDDT" time="10.899">
    <system-out><![CDATA[10:56:55.278 [main] INFO  testCases.TC_LF_002_003_004_LoginDDT - ******Starting TC_LF_002_003_004_LoginDDT******
10:56:55.670 [main] INFO  testCases.TC_LF_002_003_004_LoginDDT - Clicked on Login link
10:56:55.670 [main] INFO  testCases.TC_LF_002_003_004_LoginDDT - Entering valid email id..
10:56:55.734 [main] INFO  testCases.TC_LF_002_003_004_LoginDDT - Entering valid password..
10:56:55.791 [main] INFO  testCases.TC_LF_002_003_004_LoginDDT - Clicked on Login button..
10:57:06.177 [main] INFO  testCases.TC_LF_002_003_004_LoginDDT - Test Passed..
10:57:06.177 [main] INFO  testCases.TC_LF_002_003_004_LoginDDT - ******Finished TC_LF_002_003_004_LoginDDT******
]]></system-out>
  </testcase>
  <testcase name="verify_loginDDT[laks@yahoo.com, xyz, Invalid](4)" classname="testCases.TC_LF_002_003_004_LoginDDT" time="10.969">
    <system-out><![CDATA[10:57:06.177 [main] INFO  testCases.TC_LF_002_003_004_LoginDDT - ******Starting TC_LF_002_003_004_LoginDDT******
10:57:06.574 [main] INFO  testCases.TC_LF_002_003_004_LoginDDT - Clicked on Login link
10:57:06.574 [main] INFO  testCases.TC_LF_002_003_004_LoginDDT - Entering valid email id..
10:57:06.642 [main] INFO  testCases.TC_LF_002_003_004_LoginDDT - Entering valid password..
10:57:06.701 [main] INFO  testCases.TC_LF_002_003_004_LoginDDT - Clicked on Login button..
10:57:17.146 [main] INFO  testCases.TC_LF_002_003_004_LoginDDT - Test Passed..
10:57:17.146 [main] INFO  testCases.TC_LF_002_003_004_LoginDDT - ******Finished TC_LF_002_003_004_LoginDDT******
]]></system-out>
  </testcase>
  <testcase name="verify_loginDDT[TESTCC@TEST.com, test1234!, Valid](5)" classname="testCases.TC_LF_002_003_004_LoginDDT" time="1.8">
    <system-out><![CDATA[10:57:17.146 [main] INFO  testCases.TC_LF_002_003_004_LoginDDT - ******Starting TC_LF_002_003_004_LoginDDT******
10:57:17.532 [main] INFO  testCases.TC_LF_002_003_004_LoginDDT - Clicked on Login link
10:57:17.534 [main] INFO  testCases.TC_LF_002_003_004_LoginDDT - Entering valid email id..
10:57:17.604 [main] INFO  testCases.TC_LF_002_003_004_LoginDDT - Entering valid password..
10:57:17.673 [main] INFO  testCases.TC_LF_002_003_004_LoginDDT - Clicked on Login button..
10:57:18.945 [main] INFO  testCases.TC_LF_002_003_004_LoginDDT - Test Passed..
10:57:18.946 [main] INFO  testCases.TC_LF_002_003_004_LoginDDT - ******Finished TC_LF_002_003_004_LoginDDT******
]]></system-out>
  </testcase>
  <testcase name="verify_login" classname="testCases.TC_CO_001_Checkout_as_SignedIn_User" time="12.195">
    <system-out><![CDATA[Page Mazimized
10:57:22.045 [main] INFO  testCases.TC_CO_001_Checkout_as_SignedIn_User - ******Starting TC_CO_001_Checkout_as_SignedIn_User******
10:57:22.456 [main] INFO  testCases.TC_CO_001_Checkout_as_SignedIn_User - Clicked on Login link
10:57:22.457 [main] INFO  testCases.TC_CO_001_Checkout_as_SignedIn_User - Entering valid email and password
10:57:23.232 [main] INFO  testCases.TC_CO_001_Checkout_as_SignedIn_User - Clicked on Login button
10:57:23.257 [main] INFO  testCases.TC_CO_001_Checkout_as_SignedIn_User - Click on Computer Menu
10:57:24.778 [main] INFO  testCases.TC_CO_001_Checkout_as_SignedIn_User - Click on Notebooks link
10:57:27.836 [main] INFO  testCases.TC_CO_001_Checkout_as_SignedIn_User - NoteBook added to the cart
The product has been added to your shopping cart
10:57:27.856 [main] INFO  testCases.TC_CO_001_Checkout_as_SignedIn_User - Validating expected message the product is added to shopping cart
10:57:27.857 [main] INFO  testCases.TC_CO_001_Checkout_as_SignedIn_User - Test Passed..
Your order has been successfully processed!
10:57:34.241 [main] INFO  testCases.TC_CO_001_Checkout_as_SignedIn_User - Validating expected message after purchasing the product
10:57:34.241 [main] INFO  testCases.TC_CO_001_Checkout_as_SignedIn_User - Test Passed..
10:57:34.241 [main] INFO  testCases.TC_CO_001_Checkout_as_SignedIn_User - ******Finished TC_CO_001_Checkout_as_SignedIn_User******
]]></system-out>
  </testcase>
</testsuite>