<?xml version="1.0" encoding="UTF-8"?>
<!-- Generated by org.testng.reporters.JUnitReportReporter -->
<testsuite hostname="YRUS" failures="0" tests="1" name="testCases.TC_RF_001_AccountRegistration" time="2.125" errors="0" timestamp="2024-05-03T04:09:39 EDT" skipped="0">
  <testcase classname="testCases.TC_RF_001_AccountRegistration" name="verify_account_registration" time="2.125"/>
</testsuite> <!-- testCases.TC_RF_001_AccountRegistration -->
