<?xml version="1.0" encoding="UTF-8"?>
<!-- Generated by org.testng.reporters.JUnitReportReporter -->
<testsuite hostname="YRUS" failures="0" tests="1" name="testCases.TC_LF_001_LoginUsingValidCredentials" time="1.428" errors="0" timestamp="2024-04-29T20:17:07 EDT" skipped="0">
  <testcase classname="testCases.TC_LF_001_LoginUsingValidCredentials" name="verify_login" time="1.428"/>
</testsuite> <!-- testCases.TC_LF_001_LoginUsingValidCredentials -->
