<?xml version="1.0" encoding="UTF-8"?>
<!-- Generated by org.testng.reporters.JUnitReportReporter -->
<testsuite hostname="YRUS" failures="0" tests="1" name="testCases.TC_LF_001_LoginUsingValidCredentials" time="1.381" errors="0" timestamp="2024-05-03T04:09:39 EDT" skipped="0">
  <testcase classname="testCases.TC_LF_001_LoginUsingValidCredentials" name="verify_login" time="1.381"/>
</testsuite> <!-- testCases.TC_LF_001_LoginUsingValidCredentials -->
