<?xml version="1.0" encoding="UTF-8"?>
<!-- Generated by org.testng.reporters.JUnitReportReporter -->
<testsuite hostname="YRUS" failures="0" tests="5" name="testCases.TC_LF_002_003_004_LoginDDT" time="37.792" errors="0" timestamp="2024-05-03T04:09:39 EDT" skipped="0">
  <testcase classname="testCases.TC_LF_002_003_004_LoginDDT" name="verify_loginDDT" time="10.929"/>
  <testcase classname="testCases.TC_LF_002_003_004_LoginDDT" name="verify_loginDDT" time="1.842"/>
  <testcase classname="testCases.TC_LF_002_003_004_LoginDDT" name="verify_loginDDT" time="10.935"/>
  <testcase classname="testCases.TC_LF_002_003_004_LoginDDT" name="verify_loginDDT" time="11.163"/>
  <testcase classname="testCases.TC_LF_002_003_004_LoginDDT" name="verify_loginDDT" time="2.923"/>
</testsuite> <!-- testCases.TC_LF_002_003_004_LoginDDT -->
