<?xml version="1.0" encoding="UTF-8"?>
<!-- Generated by org.testng.reporters.JUnitReportReporter -->
<testsuite hostname="YRUS" failures="0" tests="1" name="testCases.TC_RF_001_AccountRegistrationTest" time="1.705" errors="0" timestamp="2024-04-29T19:34:32 EDT" skipped="0">
  <testcase classname="testCases.TC_RF_001_AccountRegistrationTest" name="verify_account_registration" time="1.705"/>
</testsuite> <!-- testCases.TC_RF_001_AccountRegistrationTest -->
