<?xml version="1.0" encoding="UTF-8"?>
<!-- Generated by org.testng.reporters.JUnitReportReporter -->
<testsuite hostname="YRUS" failures="0" tests="1" name="testCases.TC_SF_002_SearchingNonExistingProductWithoutLogin" time="2.851" errors="0" timestamp="2024-05-03T12:40:07 EDT" skipped="0">
  <testcase classname="testCases.TC_SF_002_SearchingNonExistingProductWithoutLogin" name="SearchingProduct" time="2.851"/>
</testsuite> <!-- testCases.TC_SF_002_SearchingNonExistingProductWithoutLogin -->
