<?xml version="1.0" encoding="UTF-8"?>
<!-- Generated by org.testng.reporters.JUnitReportReporter -->
<testsuite hostname="YRUS" failures="0" tests="1" name="testCases.TC_LG_001_Logout_Functionality" time="1.811" errors="0" timestamp="2024-05-03T12:40:07 EDT" skipped="0">
  <testcase classname="testCases.TC_LG_001_Logout_Functionality" name="verify_login" time="1.811"/>
</testsuite> <!-- testCases.TC_LG_001_Logout_Functionality -->
