<?xml version="1.0" encoding="UTF-8"?>
<!-- Generated by org.testng.reporters.JUnitReportReporter -->
<testsuite hostname="YRUS" failures="0" tests="1" name="testCases.TC_SF_001_SearchingProductWithoutLogin" time="2.918" errors="0" timestamp="2024-05-03T12:40:07 EDT" skipped="0">
  <testcase classname="testCases.TC_SF_001_SearchingProductWithoutLogin" name="SearchingProduct" time="2.918"/>
</testsuite> <!-- testCases.TC_SF_001_SearchingProductWithoutLogin -->
