<?xml version="1.0" encoding="UTF-8"?>
<!-- Generated by org.testng.reporters.JUnitReportReporter -->
<testsuite hostname="YRUS" failures="0" tests="1" name="testCases.TC_ATC_002_Remove_Product_from_Cart" time="9.533" errors="0" timestamp="2024-05-03T10:53:35 EDT" skipped="0">
  <testcase classname="testCases.TC_ATC_002_Remove_Product_from_Cart" name="verify_login" time="9.533"/>
</testsuite> <!-- testCases.TC_ATC_002_Remove_Product_from_Cart -->
