<?xml version="1.0" encoding="UTF-8"?>
<!-- Generated by org.testng.reporters.JUnitReportReporter -->
<testsuite hostname="YRUS" failures="0" tests="1" name="testCases.TC_ATC_001_Adding_product_to_Cart" time="5.400" errors="0" timestamp="2024-05-03T12:40:07 EDT" skipped="0">
  <testcase classname="testCases.TC_ATC_001_Adding_product_to_Cart" name="verify_login" time="5.400"/>
</testsuite> <!-- testCases.TC_ATC_001_Adding_product_to_Cart -->
