<?xml version="1.0" encoding="UTF-8"?>
<!-- Generated by org.testng.reporters.JUnitReportReporter -->
<testsuite hostname="YRUS" failures="0" tests="1" name="testCases.TC_PT_001_Login_Logout" time="3.797" errors="0" timestamp="2024-05-01T13:38:28 EDT" skipped="0">
  <testcase classname="testCases.TC_PT_001_Login_Logout" name="testDemo" time="3.797"/>
</testsuite> <!-- testCases.TC_PT_001_Login_Logout -->
