<?xml version="1.0" encoding="UTF-8"?>
<!-- Generated by org.testng.reporters.JUnitReportReporter -->
<testsuite hostname="YRUS" failures="0" tests="1" name="testCases.TC_CO_001_Checkout_as_SignedIn_User" time="15.929" errors="0" timestamp="2024-05-03T12:40:07 EDT" skipped="0">
  <testcase classname="testCases.TC_CO_001_Checkout_as_SignedIn_User" name="verify_login" time="15.929"/>
</testsuite> <!-- testCases.TC_CO_001_Checkout_as_SignedIn_User -->
