<?xml version="1.0" encoding="UTF-8"?>
<!-- Generated by org.testng.reporters.JUnitReportReporter -->
<testsuite hostname="YRUS" failures="0" tests="1" name="testCases.TC_RF_001_AccountRegistration" time="1.685" errors="0" timestamp="2024-05-03T10:53:35 EDT" skipped="0">
  <testcase classname="testCases.TC_RF_001_AccountRegistration" name="verify_account_registration" time="1.685"/>
</testsuite> <!-- testCases.TC_RF_001_AccountRegistration -->
