<?xml version="1.0" encoding="UTF-8"?>
<!-- Generated by org.testng.reporters.JUnitReportReporter -->
<testsuite hostname="YRUS" failures="0" tests="1" name="testCases.TC_RF_002_AccountRegistrationWithNoData_Neg" time="0.606" errors="0" timestamp="2024-05-03T04:09:39 EDT" skipped="0">
  <testcase classname="testCases.TC_RF_002_AccountRegistrationWithNoData_Neg" name="verify_account_registration_no_data" time="0.606"/>
</testsuite> <!-- testCases.TC_RF_002_AccountRegistrationWithNoData_Neg -->
