<?xml version="1.0" encoding="UTF-8"?>
<!-- Generated by org.testng.reporters.JUnitReportReporter -->
<testsuite hostname="YRUS" failures="0" tests="5" name="testCases.TC_LF_002_003_004_LoginDDT" time="36.816" errors="0" timestamp="2024-05-03T10:57:35 EDT" skipped="0">
  <testcase classname="testCases.TC_LF_002_003_004_LoginDDT" name="verify_loginDDT" time="10.899"/>
  <testcase classname="testCases.TC_LF_002_003_004_LoginDDT" name="verify_loginDDT" time="10.969"/>
  <testcase classname="testCases.TC_LF_002_003_004_LoginDDT" name="verify_loginDDT" time="1.800"/>
  <testcase classname="testCases.TC_LF_002_003_004_LoginDDT" name="verify_loginDDT" time="2.250"/>
  <testcase classname="testCases.TC_LF_002_003_004_LoginDDT" name="verify_loginDDT" time="10.898"/>
</testsuite> <!-- testCases.TC_LF_002_003_004_LoginDDT -->
