<?xml version="1.0" encoding="UTF-8"?>
<!-- Generated by org.testng.reporters.JUnitReportReporter -->
<testsuite hostname="YRUS" failures="0" tests="1" name="testCases.TC_RF_002_AccountRegistrationWithNoData_Neg" time="0.588" errors="0" timestamp="2024-04-30T00:12:41 EDT" skipped="0">
  <testcase classname="testCases.TC_RF_002_AccountRegistrationWithNoData_Neg" name="verify_account_registration_no_data" time="0.588"/>
</testsuite> <!-- testCases.TC_RF_002_AccountRegistrationWithNoData_Neg -->
