<?xml version="1.0" encoding="UTF-8"?>
<!-- Generated by org.testng.reporters.JUnitReportReporter -->
<testsuite hostname="YRUS" failures="0" tests="1" name="testCases.TC_CO_001_Checkout_as_SignedIn_User" time="12.196" errors="0" timestamp="2024-05-03T10:57:35 EDT" skipped="0">
  <testcase classname="testCases.TC_CO_001_Checkout_as_SignedIn_User" name="verify_login" time="12.196"/>
</testsuite> <!-- testCases.TC_CO_001_Checkout_as_SignedIn_User -->
