<?xml version="1.0" encoding="UTF-8"?>
<!-- Generated by org.testng.reporters.JUnitReportReporter -->
<testsuite hostname="YRUS" failures="0" tests="1" name="testCases.TC_LG_001_Logout_Functionality" time="1.861" errors="0" timestamp="2024-05-03T10:57:35 EDT" skipped="0">
  <testcase classname="testCases.TC_LG_001_Logout_Functionality" name="verify_login" time="1.861"/>
</testsuite> <!-- testCases.TC_LG_001_Logout_Functionality -->
